#
# There is insufficient memory for the Java Runtime Environment to continue.
# Native memory allocation (malloc) failed to allocate 138576 bytes for Chunk::new
# Possible reasons:
#   The system is out of physical RAM or swap space
#   In 32 bit mode, the process size limit was hit
# Possible solutions:
#   Reduce memory load on the system
#   Increase physical memory or swap space
#   Check if swap backing store is full
#   Use 64 bit Java on a 64 bit OS
#   Decrease Java heap size (-Xmx/-Xms)
#   Decrease number of Java threads
#   Decrease Java thread stack sizes (-Xss)
#   Set larger code cache with -XX:ReservedCodeCacheSize=
# This output file may be truncated or incomplete.
#
#  Out of Memory Error (allocation.cpp:390), pid=9528, tid=10136
#
# JRE version: Java(TM) SE Runtime Environment (8.0_25-b18) (build 1.8.0_25-b18)
# Java VM: Java HotSpot(TM) 64-Bit Server VM (25.25-b02 mixed mode windows-amd64 compressed oops)
# Failed to write core dump. Minidumps are not enabled by default on client versions of Windows
#

---------------  T H R E A D  ---------------

Current thread (0x0000000014930000):  JavaThread "C2 CompilerThread1" daemon [_thread_in_native, id=10136, stack(0x0000000015fa0000,0x00000000160a0000)]

Stack: [0x0000000015fa0000,0x00000000160a0000]
Native frames: (J=compiled Java code, j=interpreted, Vv=VM code, C=native code)
V  [jvm.dll+0x31667a]
V  [jvm.dll+0x267073]
V  [jvm.dll+0x267cb3]
V  [jvm.dll+0x25f5b5]
V  [jvm.dll+0xbf165]
V  [jvm.dll+0xbf60c]
V  [jvm.dll+0x494f51]
V  [jvm.dll+0x4462bd]
V  [jvm.dll+0x45130e]
V  [jvm.dll+0x4538f8]
V  [jvm.dll+0x437372]
V  [jvm.dll+0x98a02]
V  [jvm.dll+0x991f3]
V  [jvm.dll+0x22bde4]
V  [jvm.dll+0x2852fa]
C  [msvcr100.dll+0x21d9f]
C  [msvcr100.dll+0x21e3b]
C  [KERNEL32.DLL+0x12d92]
C  [ntdll.dll+0x9f64]


Current CompileTask:
C2:  23174 1356       4       com.android.dx.ssa.SCCP::simulatePhi (169 bytes)


---------------  P R O C E S S  ---------------

Java Threads: ( => current thread )
  0x00000000166eb800 JavaThread "pool-1-thread-4" [_thread_blocked, id=9692, stack(0x00000000173a0000,0x00000000174a0000)]
  0x00000000166e8800 JavaThread "pool-1-thread-3" [_thread_blocked, id=9124, stack(0x00000000172a0000,0x00000000173a0000)]
  0x00000000166b9800 JavaThread "pool-1-thread-2" [_thread_blocked, id=316, stack(0x00000000171a0000,0x00000000172a0000)]
  0x0000000016732800 JavaThread "pool-2-thread-1" [_thread_blocked, id=10092, stack(0x00000000170a0000,0x00000000171a0000)]
  0x0000000016681800 JavaThread "pool-1-thread-1" [_thread_blocked, id=7436, stack(0x0000000016fa0000,0x00000000170a0000)]
  0x000000001498b000 JavaThread "Service Thread" daemon [_thread_blocked, id=10020, stack(0x00000000161a0000,0x00000000162a0000)]
  0x0000000014984000 JavaThread "C1 CompilerThread2" daemon [_thread_blocked, id=2224, stack(0x00000000160a0000,0x00000000161a0000)]
=>0x0000000014930000 JavaThread "C2 CompilerThread1" daemon [_thread_in_native, id=10136, stack(0x0000000015fa0000,0x00000000160a0000)]
  0x000000001492c800 JavaThread "C2 CompilerThread0" daemon [_thread_blocked, id=8828, stack(0x0000000015ea0000,0x0000000015fa0000)]
  0x000000001492b000 JavaThread "Attach Listener" daemon [_thread_blocked, id=9648, stack(0x0000000015da0000,0x0000000015ea0000)]
  0x000000001492a000 JavaThread "Signal Dispatcher" daemon [_thread_blocked, id=6932, stack(0x0000000015ca0000,0x0000000015da0000)]
  0x0000000002230000 JavaThread "Finalizer" daemon [_thread_blocked, id=6908, stack(0x0000000015b90000,0x0000000015c90000)]
  0x000000000222d000 JavaThread "Reference Handler" daemon [_thread_blocked, id=9148, stack(0x0000000015a90000,0x0000000015b90000)]
  0x000000000203d800 JavaThread "main" [_thread_blocked, id=8704, stack(0x0000000002040000,0x0000000002140000)]

Other Threads:
  0x00000000148f6800 VMThread [stack: 0x0000000015990000,0x0000000015a90000] [id=7768]
  0x000000001498e000 WatcherThread [stack: 0x00000000162a0000,0x00000000163a0000] [id=6692]

VM state:at safepoint (normal execution)

VM Mutex/Monitor currently owned by a thread:  ([mutex/lock_event])
[0x000000000203c720] Threads_lock - owner thread: 0x00000000148f6800
[0x000000000203c4a0] Heap_lock - owner thread: 0x0000000016681800

Heap:
 PSYoungGen      total 18944K, used 2544K [0x00000000eab00000, 0x00000000ec000000, 0x0000000100000000)
  eden space 16384K, 0% used [0x00000000eab00000,0x00000000eab00000,0x00000000ebb00000)
  from space 2560K, 99% used [0x00000000ebb00000,0x00000000ebd7c038,0x00000000ebd80000)
  to   space 2560K, 0% used [0x00000000ebd80000,0x00000000ebd80000,0x00000000ec000000)
 ParOldGen       total 44032K, used 6653K [0x00000000c0000000, 0x00000000c2b00000, 0x00000000eab00000)
  object space 44032K, 15% used [0x00000000c0000000,0x00000000c067f5b0,0x00000000c2b00000)
 Metaspace       used 5935K, capacity 7024K, committed 7296K, reserved 1056768K
  class space    used 579K, capacity 616K, committed 640K, reserved 1048576K

Card table byte_map: [0x0000000011600000,0x0000000011810000] byte_map_base: 0x0000000011000000

Marking Bits: (ParMarkBitMap*) 0x000000005134d490
 Begin Bits: [0x0000000011d70000, 0x0000000012d70000)
 End Bits:   [0x0000000012d70000, 0x0000000013d70000)

Polling page: 0x0000000002000000

CodeCache: size=245760Kb used=5743Kb max_used=5743Kb free=240016Kb
 bounds [0x0000000002240000, 0x00000000027f0000, 0x0000000011240000]
 total_blobs=1685 nmethods=1421 adapters=178
 compilation: enabled

Compilation events (10 events):
Event: 20.450 Thread 0x0000000014984000 nmethod 1435 0x00000000027de990 code [0x00000000027deb40, 0x00000000027df0b8]
Event: 20.450 Thread 0x0000000014984000 1436       3       com.android.dx.ssa.LiteralOpUpgrader$1::visitPhiInsn (1 bytes)
Event: 20.450 Thread 0x0000000014984000 nmethod 1436 0x00000000027df350 code [0x00000000027df4a0, 0x00000000027df5f0]
Event: 20.456 Thread 0x0000000014984000 1438       3       com.android.dx.cf.code.LocalVariableList$Item::<init> (115 bytes)
Event: 20.457 Thread 0x0000000014984000 nmethod 1438 0x00000000027df690 code [0x00000000027df860, 0x00000000027dfee8]
Event: 20.457 Thread 0x0000000014984000 1437       3       com.android.dx.dex.file.EncodedMethod::<init> (68 bytes)
Event: 20.458 Thread 0x0000000014984000 nmethod 1437 0x00000000027e0150 code [0x00000000027e02e0, 0x00000000027e0798]
Event: 20.458 Thread 0x0000000014984000 1439       3       com.android.dx.rop.code.AccessFlags::isSynchronized (13 bytes)
Event: 20.459 Thread 0x0000000014984000 nmethod 1439 0x00000000027e0950 code [0x00000000027e0aa0, 0x00000000027e0c30]
Event: 20.459 Thread 0x0000000014984000 1440   !   2       com.android.dx.cf.code.BytecodeArray::parseInstruction (2764 bytes)

GC Heap History (5 events):
Event: 11.977 GC heap before
{Heap before GC invocations=1 (full 0):
 PSYoungGen      total 18944K, used 16384K [0x00000000eab00000, 0x00000000ec000000, 0x0000000100000000)
  eden space 16384K, 100% used [0x00000000eab00000,0x00000000ebb00000,0x00000000ebb00000)
  from space 2560K, 0% used [0x00000000ebd80000,0x00000000ebd80000,0x00000000ec000000)
  to   space 2560K, 0% used [0x00000000ebb00000,0x00000000ebb00000,0x00000000ebd80000)
 ParOldGen       total 44032K, used 0K [0x00000000c0000000, 0x00000000c2b00000, 0x00000000eab00000)
  object space 44032K, 0% used [0x00000000c0000000,0x00000000c0000000,0x00000000c2b00000)
 Metaspace       used 5678K, capacity 6768K, committed 7040K, reserved 1056768K
  class space    used 577K, capacity 616K, committed 640K, reserved 1048576K
Event: 11.995 GC heap after
Heap after GC invocations=1 (full 0):
 PSYoungGen      total 18944K, used 2551K [0x00000000eab00000, 0x00000000ec000000, 0x0000000100000000)
  eden space 16384K, 0% used [0x00000000eab00000,0x00000000eab00000,0x00000000ebb00000)
  from space 2560K, 99% used [0x00000000ebb00000,0x00000000ebd7dc78,0x00000000ebd80000)
  to   space 2560K, 0% used [0x00000000ebd80000,0x00000000ebd80000,0x00000000ec000000)
 ParOldGen       total 44032K, used 1697K [0x00000000c0000000, 0x00000000c2b00000, 0x00000000eab00000)
  object space 44032K, 3% used [0x00000000c0000000,0x00000000c01a8560,0x00000000c2b00000)
 Metaspace       used 5678K, capacity 6768K, committed 7040K, reserved 1056768K
  class space    used 577K, capacity 616K, committed 640K, reserved 1048576K
}
Event: 14.299 GC heap before
{Heap before GC invocations=2 (full 0):
 PSYoungGen      total 18944K, used 18935K [0x00000000eab00000, 0x00000000ec000000, 0x0000000100000000)
  eden space 16384K, 100% used [0x00000000eab00000,0x00000000ebb00000,0x00000000ebb00000)
  from space 2560K, 99% used [0x00000000ebb00000,0x00000000ebd7dc78,0x00000000ebd80000)
  to   space 2560K, 0% used [0x00000000ebd80000,0x00000000ebd80000,0x00000000ec000000)
 ParOldGen       total 44032K, used 1697K [0x00000000c0000000, 0x00000000c2b00000, 0x00000000eab00000)
  object space 44032K, 3% used [0x00000000c0000000,0x00000000c01a8560,0x00000000c2b00000)
 Metaspace       used 5883K, capacity 6960K, committed 7040K, reserved 1056768K
  class space    used 579K, capacity 616K, committed 640K, reserved 1048576K
Event: 16.976 GC heap after
Heap after GC invocations=2 (full 0):
 PSYoungGen      total 18944K, used 2528K [0x00000000eab00000, 0x00000000ec000000, 0x0000000100000000)
  eden space 16384K, 0% used [0x00000000eab00000,0x00000000eab00000,0x00000000ebb00000)
  from space 2560K, 98% used [0x00000000ebd80000,0x00000000ebff8028,0x00000000ec000000)
  to   space 2560K, 0% used [0x00000000ebb00000,0x00000000ebb00000,0x00000000ebd80000)
 ParOldGen       total 44032K, used 4041K [0x00000000c0000000, 0x00000000c2b00000, 0x00000000eab00000)
  object space 44032K, 9% used [0x00000000c0000000,0x00000000c03f24f8,0x00000000c2b00000)
 Metaspace       used 5883K, capacity 6960K, committed 7040K, reserved 1056768K
  class space    used 579K, capacity 616K, committed 640K, reserved 1048576K
}
Event: 20.492 GC heap before
{Heap before GC invocations=3 (full 0):
 PSYoungGen      total 18944K, used 18912K [0x00000000eab00000, 0x00000000ec000000, 0x0000000100000000)
  eden space 16384K, 100% used [0x00000000eab00000,0x00000000ebb00000,0x00000000ebb00000)
  from space 2560K, 98% used [0x00000000ebd80000,0x00000000ebff8028,0x00000000ec000000)
  to   space 2560K, 0% used [0x00000000ebb00000,0x00000000ebb00000,0x00000000ebd80000)
 ParOldGen       total 44032K, used 4041K [0x00000000c0000000, 0x00000000c2b00000, 0x00000000eab00000)
  object space 44032K, 9% used [0x00000000c0000000,0x00000000c03f24f8,0x00000000c2b00000)
 Metaspace       used 5935K, capacity 7024K, committed 7296K, reserved 1056768K
  class space    used 579K, capacity 616K, committed 640K, reserved 1048576K

Deoptimization events (6 events):
Event: 9.939 Thread 0x00000000166eb800 Uncommon trap: reason=bimorphic action=maybe_recompile pc=0x0000000002473d84 method=java.util.HashMap.getNode(ILjava/lang/Object;)Ljava/util/HashMap$Node; @ 126
Event: 13.313 Thread 0x0000000016681800 Uncommon trap: reason=unloaded action=reinterpret pc=0x000000000252beb4 method=com.android.dx.ssa.SsaRenamer$BlockRenamer.visitMoveInsn(Lcom/android/dx/ssa/NormalSsaInsn;)V @ 208
Event: 20.449 Thread 0x00000000166b9800 Uncommon trap: reason=bimorphic action=maybe_recompile pc=0x0000000002750264 method=com.android.dx.cf.code.BytecodeArray.parseInstruction(ILcom/android/dx/cf/code/BytecodeArray$Visitor;)I @ 1130
Event: 20.450 Thread 0x00000000166b9800 Uncommon trap: reason=bimorphic action=maybe_recompile pc=0x0000000002750264 method=com.android.dx.cf.code.BytecodeArray.parseInstruction(ILcom/android/dx/cf/code/BytecodeArray$Visitor;)I @ 1130
Event: 20.459 Thread 0x00000000166e8800 Uncommon trap: reason=bimorphic action=maybe_recompile pc=0x0000000002750264 method=com.android.dx.cf.code.BytecodeArray.parseInstruction(ILcom/android/dx/cf/code/BytecodeArray$Visitor;)I @ 1130
Event: 20.459 Thread 0x00000000166e8800 Uncommon trap: reason=bimorphic action=maybe_recompile pc=0x0000000002750264 method=com.android.dx.cf.code.BytecodeArray.parseInstruction(ILcom/android/dx/cf/code/BytecodeArray$Visitor;)I @ 1130

Internal exceptions (10 events):
Event: 9.622 Thread 0x00000000166eb800 Exception <a 'java/security/PrivilegedActionException'> (0x00000000eb3d1238) thrown at [D:\re\workspace\8-2-build-windows-amd64-cygwin\jdk8u25\1677\hotspot\src\share\vm\prims\jvm.cpp, line 1312]
Event: 9.821 Thread 0x00000000166eb800 Exception <a 'java/security/PrivilegedActionException'> (0x00000000eb3d5c20) thrown at [D:\re\workspace\8-2-build-windows-amd64-cygwin\jdk8u25\1677\hotspot\src\share\vm\prims\jvm.cpp, line 1312]
Event: 9.834 Thread 0x00000000166eb800 Exception <a 'java/security/PrivilegedActionException'> (0x00000000eb3dbb08) thrown at [D:\re\workspace\8-2-build-windows-amd64-cygwin\jdk8u25\1677\hotspot\src\share\vm\prims\jvm.cpp, line 1312]
Event: 9.835 Thread 0x000000000203d800 Exception <a 'java/security/PrivilegedActionException'> (0x00000000eb49a7c0) thrown at [D:\re\workspace\8-2-build-windows-amd64-cygwin\jdk8u25\1677\hotspot\src\share\vm\prims\jvm.cpp, line 1312]
Event: 9.839 Thread 0x000000000203d800 Exception <a 'java/security/PrivilegedActionException'> (0x00000000eb4a1d28) thrown at [D:\re\workspace\8-2-build-windows-amd64-cygwin\jdk8u25\1677\hotspot\src\share\vm\prims\jvm.cpp, line 1312]
Event: 9.847 Thread 0x00000000166e8800 Exception <a 'java/security/PrivilegedActionException'> (0x00000000eb2fe0d0) thrown at [D:\re\workspace\8-2-build-windows-amd64-cygwin\jdk8u25\1677\hotspot\src\share\vm\prims\jvm.cpp, line 1312]
Event: 11.645 Thread 0x000000000203d800 Exception <a 'java/security/PrivilegedActionException'> (0x00000000eba52680) thrown at [D:\re\workspace\8-2-build-windows-amd64-cygwin\jdk8u25\1677\hotspot\src\share\vm\prims\jvm.cpp, line 1312]
Event: 12.003 Thread 0x000000000203d800 Exception <a 'java/security/PrivilegedActionException'> (0x00000000eabc8680) thrown at [D:\re\workspace\8-2-build-windows-amd64-cygwin\jdk8u25\1677\hotspot\src\share\vm\prims\jvm.cpp, line 1312]
Event: 12.040 Thread 0x0000000016681800 Exception <a 'java/security/PrivilegedActionException'> (0x00000000ead179d8) thrown at [D:\re\workspace\8-2-build-windows-amd64-cygwin\jdk8u25\1677\hotspot\src\share\vm\prims\jvm.cpp, line 1312]
Event: 19.464 Thread 0x00000000166b9800 Exception <a 'java/security/PrivilegedActionException'> (0x00000000eb7c2e10) thrown at [D:\re\workspace\8-2-build-windows-amd64-cygwin\jdk8u25\1677\hotspot\src\share\vm\prims\jvm.cpp, line 1312]

Events (10 events):
Event: 20.450 Thread 0x00000000166b9800 Uncommon trap: trap_request=0xffffffc6 fr.pc=0x0000000002750264
Event: 20.450 Thread 0x00000000166b9800 DEOPT PACKING pc=0x0000000002750264 sp=0x000000001729e550
Event: 20.450 Thread 0x00000000166b9800 DEOPT UNPACKING pc=0x000000000228556a sp=0x000000001729e4f8 mode 2
Event: 20.459 Thread 0x00000000166e8800 Uncommon trap: trap_request=0xffffffc6 fr.pc=0x0000000002750264
Event: 20.459 Thread 0x00000000166e8800 DEOPT PACKING pc=0x0000000002750264 sp=0x000000001739ee10
Event: 20.459 Thread 0x00000000166e8800 DEOPT UNPACKING pc=0x000000000228556a sp=0x000000001739edb8 mode 2
Event: 20.459 Thread 0x00000000166e8800 Uncommon trap: trap_request=0xffffffc6 fr.pc=0x0000000002750264
Event: 20.459 Thread 0x00000000166e8800 DEOPT PACKING pc=0x0000000002750264 sp=0x000000001739ebd0
Event: 20.459 Thread 0x00000000166e8800 DEOPT UNPACKING pc=0x000000000228556a sp=0x000000001739eb78 mode 2
Event: 20.492 Executing VM operation: ParallelGCFailedAllocation


Dynamic libraries:
0x00007ff7aea30000 - 0x00007ff7aea64000 	C:\Program Files\Java\jdk1.8.0_25\bin\java.exe
0x00007ff913f80000 - 0x00007ff914141000 	C:\WINDOWS\SYSTEM32\ntdll.dll
0x00007ff913a30000 - 0x00007ff913add000 	C:\WINDOWS\system32\KERNEL32.DLL
0x00007ff911410000 - 0x00007ff9115ed000 	C:\WINDOWS\system32\KERNELBASE.dll
0x00007ff913ed0000 - 0x00007ff913f76000 	C:\WINDOWS\system32\ADVAPI32.dll
0x00007ff913e30000 - 0x00007ff913ecd000 	C:\WINDOWS\system32\msvcrt.dll
0x00007ff911bc0000 - 0x00007ff911c1b000 	C:\WINDOWS\system32\sechost.dll
0x00007ff913d00000 - 0x00007ff913e26000 	C:\WINDOWS\system32\RPCRT4.dll
0x00007ff911ea0000 - 0x00007ff911fee000 	C:\WINDOWS\system32\USER32.dll
0x00007ff9117b0000 - 0x00007ff911936000 	C:\WINDOWS\system32\GDI32.dll
0x00007ff906770000 - 0x00007ff9069e4000 	C:\WINDOWS\WinSxS\amd64_microsoft.windows.common-controls_6595b64144ccf1df_6.0.10240.16384_none_f41f7b285750ef43\COMCTL32.dll
0x00007ff9137a0000 - 0x00007ff9137d6000 	C:\WINDOWS\system32\IMM32.DLL
0x00007ff911650000 - 0x00007ff9117ac000 	C:\WINDOWS\system32\MSCTF.dll
0x0000000050840000 - 0x0000000050912000 	C:\Program Files\Java\jdk1.8.0_25\jre\bin\msvcr100.dll
0x0000000050b70000 - 0x00000000513ca000 	C:\Program Files\Java\jdk1.8.0_25\jre\bin\server\jvm.dll
0x00007ff9138c0000 - 0x00007ff9138c8000 	C:\WINDOWS\system32\PSAPI.DLL
0x00007ff902b50000 - 0x00007ff902b59000 	C:\WINDOWS\SYSTEM32\WSOCK32.dll
0x00007ff9139c0000 - 0x00007ff913a29000 	C:\WINDOWS\system32\WS2_32.dll
0x00007ff9138d0000 - 0x00007ff9138d8000 	C:\WINDOWS\system32\NSI.dll
0x00007ff90df90000 - 0x00007ff90dfb3000 	C:\WINDOWS\SYSTEM32\WINMM.dll
0x00007ff90df60000 - 0x00007ff90df8c000 	C:\WINDOWS\SYSTEM32\WINMMBASE.dll
0x00007ff911310000 - 0x00007ff911354000 	C:\WINDOWS\system32\cfgmgr32.dll
0x00007ff90ed40000 - 0x00007ff90ed67000 	C:\WINDOWS\SYSTEM32\DEVOBJ.dll
0x0000000051f50000 - 0x0000000051f5f000 	C:\Program Files\Java\jdk1.8.0_25\jre\bin\verify.dll
0x0000000051f20000 - 0x0000000051f48000 	C:\Program Files\Java\jdk1.8.0_25\jre\bin\java.dll
0x0000000051f00000 - 0x0000000051f16000 	C:\Program Files\Java\jdk1.8.0_25\jre\bin\zip.dll
0x00007ff912270000 - 0x00007ff913792000 	C:\WINDOWS\system32\SHELL32.dll
0x00007ff910ce0000 - 0x00007ff911308000 	C:\WINDOWS\system32\windows.storage.dll
0x00007ff911ff0000 - 0x00007ff91226c000 	C:\WINDOWS\system32\combase.dll
0x00007ff913b50000 - 0x00007ff913ba1000 	C:\WINDOWS\system32\shlwapi.dll
0x00007ff9109b0000 - 0x00007ff9109bf000 	C:\WINDOWS\system32\kernel.appcore.dll
0x00007ff910c20000 - 0x00007ff910cd3000 	C:\WINDOWS\system32\shcore.dll
0x00007ff910a00000 - 0x00007ff910a4a000 	C:\WINDOWS\system32\powrprof.dll
0x00007ff9109c0000 - 0x00007ff9109d3000 	C:\WINDOWS\system32\profapi.dll
0x00007ff905fb0000 - 0x00007ff90613a000 	C:\WINDOWS\SYSTEM32\dbghelp.dll

VM Arguments:
jvm_args: -Xmx1024M -Dfile.encoding=windows-1252 -Duser.country=PT -Duser.language=pt -Duser.variant 
java_command: com.android.dx.command.Main --dex --num-threads=4 --output C:\Users\João\Desktop\Ideias de Fazer Coisas\Colors Eaters\Android\ColorEaters2\app\build\intermediates\pre-dexed\debug\classes-e7afade6f9495ff006f11ee06ee0cf955e33bb81.jar C:\Users\João\Desktop\Ideias de Fazer Coisas\Colors Eaters\Android\ColorEaters2\app\build\intermediates\exploded-aar\com.google.android.gms\play-services-basement\8.1.0\jars\classes.jar
java_class_path (initial): C:\Users\João\AppData\Local\Android\sdk\build-tools\23.0.0-preview\lib\dx.jar
Launcher Type: SUN_STANDARD

Environment Variables:
PATH=C:\Program Files (x86)\NVIDIA Corporation\PhysX\Common;C:\ProgramData\Oracle\Java\javapath;C:\Program Files (x86)\Microsoft DirectX SDK (April 2007)\Utilities\Bin\x86;C:\Program Files (x86)\Intel\iCLS Client\;C:\Program Files\Intel\iCLS Client\;C:\WINDOWS\system32;C:\WINDOWS;C:\WINDOWS\System32\Wbem;C:\WINDOWS\System32\WindowsPowerShell\v1.0\;C:\Program Files (x86)\Windows Live\Shared;C:\Program Files (x86)\Intel\OpenCL SDK\2.0\bin\x86;C:\Program Files (x86)\Intel\OpenCL SDK\2.0\bin\x64;C:\Program Files\Intel\Intel(R) Management Engine Components\DAL;C:\Program Files\Intel\Intel(R) Management Engine Components\IPT;C:\Program Files (x86)\Intel\Intel(R) Management Engine Components\DAL;C:\Program Files (x86)\Intel\Intel(R) Management Engine Components\IPT;C:\Program Files\Microsoft SQL Server\110\Tools\Binn\;C:\Program Files (x86)\QuickTime\QTSystem\;C:\Program Files\Perforce;C:\Program Files (x86)\Skype\Phone\;C:\Program Files (x86)\MySQL\MySQL Fabric 1.5.4 & MySQL Utilities 1.5.4 1.5\;C:\Program Files (x86)\MySQL\MySQL Fabric 1.5.4 & MySQL Utilities 1.5.4 1.5\Doctrine extensions for PHP\;C:\Program Files (x86)\Windows Kits\10\Windows Performance Toolkit\;C:\Program Files (x86)\GtkSharp\2.12\bin;C:\Program Files\Java\jdk1.8.0_25\bin
USERNAME=João
OS=Windows_NT
PROCESSOR_IDENTIFIER=Intel64 Family 6 Model 58 Stepping 9, GenuineIntel



---------------  S Y S T E M  ---------------

OS: Windows 8.1 , 64 bit Build 9600 

CPU:total 4 (2 cores per cpu, 2 threads per core) family 6 model 58 stepping 9, cmov, cx8, fxsr, mmx, sse, sse2, sse3, ssse3, sse4.1, sse4.2, popcnt, avx, clmul, erms, ht, tsc, tscinvbit, tscinv

Memory: 4k page, physical 4077128k(330180k free), swap 5510872k(4576k free)

vm_info: Java HotSpot(TM) 64-Bit Server VM (25.25-b02) for windows-amd64 JRE (1.8.0_25-b18), built on Oct  7 2014 14:25:37 by "java_re" with MS VC++ 10.0 (VS2010)

time: Tue Dec 15 15:06:35 2015
elapsed time: 23 seconds (0d 0h 0m 23s)

