#
# There is insufficient memory for the Java Runtime Environment to continue.
# Native memory allocation (malloc) failed to allocate 1368656 bytes for Chunk::new
# Possible reasons:
#   The system is out of physical RAM or swap space
#   In 32 bit mode, the process size limit was hit
# Possible solutions:
#   Reduce memory load on the system
#   Increase physical memory or swap space
#   Check if swap backing store is full
#   Use 64 bit Java on a 64 bit OS
#   Decrease Java heap size (-Xmx/-Xms)
#   Decrease number of Java threads
#   Decrease Java thread stack sizes (-Xss)
#   Set larger code cache with -XX:ReservedCodeCacheSize=
# This output file may be truncated or incomplete.
#
#  Out of Memory Error (allocation.cpp:390), pid=3160, tid=6520
#
# JRE version: Java(TM) SE Runtime Environment (8.0_25-b18) (build 1.8.0_25-b18)
# Java VM: Java HotSpot(TM) 64-Bit Server VM (25.25-b02 mixed mode windows-amd64 compressed oops)
# Failed to write core dump. Minidumps are not enabled by default on client versions of Windows
#

---------------  T H R E A D  ---------------

Current thread (0x0000000014aec800):  JavaThread "C2 CompilerThread0" daemon [_thread_in_native, id=6520, stack(0x0000000016040000,0x0000000016140000)]

Stack: [0x0000000016040000,0x0000000016140000]
Native frames: (J=compiled Java code, j=interpreted, Vv=VM code, C=native code)
V  [jvm.dll+0x31667a]
V  [jvm.dll+0x267073]
V  [jvm.dll+0x267cb3]
V  [jvm.dll+0x25f5b5]
V  [jvm.dll+0xbf165]
V  [jvm.dll+0xbf60c]
V  [jvm.dll+0x45d672]
V  [jvm.dll+0x49e8ef]
V  [jvm.dll+0x4524ef]
V  [jvm.dll+0x453864]
V  [jvm.dll+0x437372]
V  [jvm.dll+0x98a02]
V  [jvm.dll+0x991f3]
V  [jvm.dll+0x22bde4]
V  [jvm.dll+0x2852fa]
C  [msvcr100.dll+0x21d9f]
C  [msvcr100.dll+0x21e3b]
C  [KERNEL32.DLL+0x12d92]
C  [ntdll.dll+0x9f64]


Current CompileTask:
C2:  23131 1305   !   4       com.android.dx.cf.code.BytecodeArray::parseInstruction (2764 bytes)


---------------  P R O C E S S  ---------------

Java Threads: ( => current thread )
  0x000000001658d000 JavaThread "pool-1-thread-4" [_thread_blocked, id=4496, stack(0x0000000016d40000,0x0000000016e40000)]
  0x000000001658c800 JavaThread "pool-1-thread-3" [_thread_blocked, id=9312, stack(0x0000000016c40000,0x0000000016d40000)]
  0x000000001658b800 JavaThread "pool-1-thread-2" [_thread_blocked, id=8328, stack(0x0000000016b40000,0x0000000016c40000)]
  0x000000001658b000 JavaThread "pool-2-thread-1" [_thread_blocked, id=9716, stack(0x0000000016a40000,0x0000000016b40000)]
  0x0000000016586800 JavaThread "pool-1-thread-1" [_thread_blocked, id=1668, stack(0x0000000016940000,0x0000000016a40000)]
  0x0000000016344800 JavaThread "Service Thread" daemon [_thread_blocked, id=8656, stack(0x0000000016740000,0x0000000016840000)]
  0x0000000014b4c000 JavaThread "C1 CompilerThread2" daemon [_thread_in_native, id=920, stack(0x0000000016240000,0x0000000016340000)]
  0x0000000014b36000 JavaThread "C2 CompilerThread1" daemon [_thread_in_native, id=5808, stack(0x0000000016140000,0x0000000016240000)]
=>0x0000000014aec800 JavaThread "C2 CompilerThread0" daemon [_thread_in_native, id=6520, stack(0x0000000016040000,0x0000000016140000)]
  0x0000000014aeb000 JavaThread "Attach Listener" daemon [_thread_blocked, id=1776, stack(0x0000000015f40000,0x0000000016040000)]
  0x0000000014aea000 JavaThread "Signal Dispatcher" daemon [_thread_blocked, id=7296, stack(0x0000000015e40000,0x0000000015f40000)]
  0x0000000002410000 JavaThread "Finalizer" daemon [_thread_blocked, id=9596, stack(0x0000000015d40000,0x0000000015e40000)]
  0x000000000240d000 JavaThread "Reference Handler" daemon [_thread_blocked, id=1608, stack(0x0000000015c40000,0x0000000015d40000)]
  0x000000000221d800 JavaThread "main" [_thread_blocked, id=9724, stack(0x0000000002220000,0x0000000002320000)]

Other Threads:
  0x0000000014ab6800 VMThread [stack: 0x0000000015b40000,0x0000000015c40000] [id=9848]
  0x0000000016347000 WatcherThread [stack: 0x0000000016840000,0x0000000016940000] [id=6548]

VM state:at safepoint (normal execution)

VM Mutex/Monitor currently owned by a thread:  ([mutex/lock_event])
[0x000000000221d1b0] Threads_lock - owner thread: 0x0000000014ab6800
[0x000000000221cd30] Heap_lock - owner thread: 0x0000000016586800

Heap:
 PSYoungGen      total 35328K, used 35322K [0x00000000eab00000, 0x00000000ed000000, 0x0000000100000000)
  eden space 32768K, 100% used [0x00000000eab00000,0x00000000ecb00000,0x00000000ecb00000)
  from space 2560K, 99% used [0x00000000ecd80000,0x00000000ecffeaa8,0x00000000ed000000)
  to   space 2560K, 26% used [0x00000000ecb00000,0x00000000ecba8010,0x00000000ecd80000)
 ParOldGen       total 44032K, used 3805K [0x00000000c0000000, 0x00000000c2b00000, 0x00000000eab00000)
  object space 44032K, 8% used [0x00000000c0000000,0x00000000c03b7498,0x00000000c2b00000)
 Metaspace       used 6039K, capacity 7088K, committed 7296K, reserved 1056768K
  class space    used 584K, capacity 616K, committed 640K, reserved 1048576K

Card table byte_map: [0x00000000117e0000,0x00000000119f0000] byte_map_base: 0x00000000111e0000

Marking Bits: (ParMarkBitMap*) 0x000000005134d490
 Begin Bits: [0x0000000011f50000, 0x0000000012f50000)
 End Bits:   [0x0000000012f50000, 0x0000000013f50000)

Polling page: 0x0000000000970000

CodeCache: size=245760Kb used=5751Kb max_used=5751Kb free=240008Kb
 bounds [0x0000000002420000, 0x00000000029d0000, 0x0000000011420000]
 total_blobs=1710 nmethods=1445 adapters=178
 compilation: enabled

Compilation events (10 events):
Event: 21.778 Thread 0x0000000014b4c000 nmethod 1369 0x000000000290f010 code [0x000000000290f160, 0x000000000290f270]
Event: 21.779 Thread 0x0000000014b4c000 1370       3       com.android.dx.cf.code.BytecodeArray::<init> (43 bytes)
Event: 21.780 Thread 0x0000000014b4c000 nmethod 1370 0x0000000002953850 code [0x00000000029539e0, 0x0000000002953d78]
Event: 21.780 Thread 0x0000000014b4c000 1371       3       com.android.dx.ssa.SsaMethod::makeExitBlock (134 bytes)
Event: 21.784 Thread 0x0000000014b4c000 nmethod 1371 0x0000000002953e90 code [0x0000000002954100, 0x0000000002955088]
Event: 21.784 Thread 0x0000000014b4c000 1374       3       com.android.dx.ssa.back.SsaToRop::convertBasicBlocks (151 bytes)
Event: 21.789 Thread 0x0000000014b4c000 nmethod 1374 0x0000000002955f10 code [0x0000000002956200, 0x0000000002957a58]
Event: 21.789 Thread 0x0000000014b4c000 1373       3       com.android.dx.ssa.SsaMethod::getCountReachableBlocks (44 bytes)
Event: 21.791 Thread 0x0000000014b4c000 nmethod 1373 0x000000000295b610 code [0x000000000295b7e0, 0x000000000295c078]
Event: 21.791 Thread 0x0000000014b4c000 1378       3       com.android.dx.ssa.LocalVariableExtractor::doit (59 bytes)

GC Heap History (4 events):
Event: 12.989 GC heap before
{Heap before GC invocations=1 (full 0):
 PSYoungGen      total 18944K, used 16384K [0x00000000eab00000, 0x00000000ec000000, 0x0000000100000000)
  eden space 16384K, 100% used [0x00000000eab00000,0x00000000ebb00000,0x00000000ebb00000)
  from space 2560K, 0% used [0x00000000ebd80000,0x00000000ebd80000,0x00000000ec000000)
  to   space 2560K, 0% used [0x00000000ebb00000,0x00000000ebb00000,0x00000000ebd80000)
 ParOldGen       total 44032K, used 0K [0x00000000c0000000, 0x00000000c2b00000, 0x00000000eab00000)
  object space 44032K, 0% used [0x00000000c0000000,0x00000000c0000000,0x00000000c2b00000)
 Metaspace       used 5655K, capacity 6768K, committed 7040K, reserved 1056768K
  class space    used 582K, capacity 616K, committed 640K, reserved 1048576K
Event: 13.925 GC heap after
Heap after GC invocations=1 (full 0):
 PSYoungGen      total 18944K, used 2554K [0x00000000eab00000, 0x00000000ed000000, 0x0000000100000000)
  eden space 16384K, 0% used [0x00000000eab00000,0x00000000eab00000,0x00000000ebb00000)
  from space 2560K, 99% used [0x00000000ebb00000,0x00000000ebd7eab8,0x00000000ebd80000)
  to   space 2560K, 0% used [0x00000000ecd80000,0x00000000ecd80000,0x00000000ed000000)
 ParOldGen       total 44032K, used 1637K [0x00000000c0000000, 0x00000000c2b00000, 0x00000000eab00000)
  object space 44032K, 3% used [0x00000000c0000000,0x00000000c0199498,0x00000000c2b00000)
 Metaspace       used 5655K, capacity 6768K, committed 7040K, reserved 1056768K
  class space    used 582K, capacity 616K, committed 640K, reserved 1048576K
}
Event: 19.634 GC heap before
{Heap before GC invocations=2 (full 0):
 PSYoungGen      total 18944K, used 18938K [0x00000000eab00000, 0x00000000ed000000, 0x0000000100000000)
  eden space 16384K, 100% used [0x00000000eab00000,0x00000000ebb00000,0x00000000ebb00000)
  from space 2560K, 99% used [0x00000000ebb00000,0x00000000ebd7eab8,0x00000000ebd80000)
  to   space 2560K, 0% used [0x00000000ecd80000,0x00000000ecd80000,0x00000000ed000000)
 ParOldGen       total 44032K, used 1637K [0x00000000c0000000, 0x00000000c2b00000, 0x00000000eab00000)
  object space 44032K, 3% used [0x00000000c0000000,0x00000000c0199498,0x00000000c2b00000)
 Metaspace       used 5903K, capacity 6960K, committed 7040K, reserved 1056768K
  class space    used 584K, capacity 616K, committed 640K, reserved 1048576K
Event: 19.664 GC heap after
Heap after GC invocations=2 (full 0):
 PSYoungGen      total 35328K, used 2554K [0x00000000eab00000, 0x00000000ed000000, 0x0000000100000000)
  eden space 32768K, 0% used [0x00000000eab00000,0x00000000eab00000,0x00000000ecb00000)
  from space 2560K, 99% used [0x00000000ecd80000,0x00000000ecffeaa8,0x00000000ed000000)
  to   space 2560K, 0% used [0x00000000ecb00000,0x00000000ecb00000,0x00000000ecd80000)
 ParOldGen       total 44032K, used 3805K [0x00000000c0000000, 0x00000000c2b00000, 0x00000000eab00000)
  object space 44032K, 8% used [0x00000000c0000000,0x00000000c03b7498,0x00000000c2b00000)
 Metaspace       used 5903K, capacity 6960K, committed 7040K, reserved 1056768K
  class space    used 584K, capacity 616K, committed 640K, reserved 1048576K
}

Deoptimization events (7 events):
Event: 12.199 Thread 0x000000001658d000 Uncommon trap: reason=class_check action=maybe_recompile pc=0x000000000271524c method=com.android.dx.ssa.NormalSsaInsn.accept(Lcom/android/dx/ssa/SsaInsn$Visitor;)V @ 9
Event: 12.199 Thread 0x000000001658d000 Uncommon trap: reason=class_check action=maybe_recompile pc=0x000000000271524c method=com.android.dx.ssa.NormalSsaInsn.accept(Lcom/android/dx/ssa/SsaInsn$Visitor;)V @ 9
Event: 12.199 Thread 0x000000001658d000 Uncommon trap: reason=class_check action=maybe_recompile pc=0x000000000271524c method=com.android.dx.ssa.NormalSsaInsn.accept(Lcom/android/dx/ssa/SsaInsn$Visitor;)V @ 9
Event: 12.199 Thread 0x000000001658d000 Uncommon trap: reason=class_check action=maybe_recompile pc=0x000000000271524c method=com.android.dx.ssa.NormalSsaInsn.accept(Lcom/android/dx/ssa/SsaInsn$Visitor;)V @ 9
Event: 12.200 Thread 0x000000001658d000 Uncommon trap: reason=class_check action=maybe_recompile pc=0x00000000026ddab0 method=com.android.dx.ssa.NormalSsaInsn.accept(Lcom/android/dx/ssa/SsaInsn$Visitor;)V @ 9
Event: 14.816 Thread 0x000000000221d800 Uncommon trap: reason=unreached action=reinterpret pc=0x00000000027a124c method=com.android.dx.rop.code.LocalItem.hashCode()I @ 25
Event: 14.817 Thread 0x000000000221d800 Uncommon trap: reason=unreached action=reinterpret pc=0x0000000002761b88 method=com.android.dx.rop.code.LocalItem.hashCode()I @ 25

Internal exceptions (10 events):
Event: 11.694 Thread 0x000000000221d800 Exception <a 'java/security/PrivilegedActionException'> (0x00000000eb5b9e18) thrown at [D:\re\workspace\8-2-build-windows-amd64-cygwin\jdk8u25\1677\hotspot\src\share\vm\prims\jvm.cpp, line 1312]
Event: 11.696 Thread 0x0000000016586800 Exception <a 'java/security/PrivilegedActionException'> (0x00000000eb636318) thrown at [D:\re\workspace\8-2-build-windows-amd64-cygwin\jdk8u25\1677\hotspot\src\share\vm\prims\jvm.cpp, line 1312]
Event: 11.697 Thread 0x0000000016586800 Exception <a 'java/security/PrivilegedActionException'> (0x00000000eb63be70) thrown at [D:\re\workspace\8-2-build-windows-amd64-cygwin\jdk8u25\1677\hotspot\src\share\vm\prims\jvm.cpp, line 1312]
Event: 11.699 Thread 0x0000000016586800 Exception <a 'java/security/PrivilegedActionException'> (0x00000000eb641770) thrown at [D:\re\workspace\8-2-build-windows-amd64-cygwin\jdk8u25\1677\hotspot\src\share\vm\prims\jvm.cpp, line 1312]
Event: 11.702 Thread 0x0000000016586800 Exception <a 'java/security/PrivilegedActionException'> (0x00000000eb646970) thrown at [D:\re\workspace\8-2-build-windows-amd64-cygwin\jdk8u25\1677\hotspot\src\share\vm\prims\jvm.cpp, line 1312]
Event: 11.707 Thread 0x000000001658d000 Exception <a 'java/security/PrivilegedActionException'> (0x00000000eb627170) thrown at [D:\re\workspace\8-2-build-windows-amd64-cygwin\jdk8u25\1677\hotspot\src\share\vm\prims\jvm.cpp, line 1312]
Event: 12.124 Thread 0x000000000221d800 Exception <a 'java/security/PrivilegedActionException'> (0x00000000eb891808) thrown at [D:\re\workspace\8-2-build-windows-amd64-cygwin\jdk8u25\1677\hotspot\src\share\vm\prims\jvm.cpp, line 1312]
Event: 12.622 Thread 0x000000001658c800 Exception <a 'java/security/PrivilegedActionException'> (0x00000000eb69fd20) thrown at [D:\re\workspace\8-2-build-windows-amd64-cygwin\jdk8u25\1677\hotspot\src\share\vm\prims\jvm.cpp, line 1312]
Event: 14.813 Thread 0x000000000221d800 Exception <a 'java/security/PrivilegedActionException'> (0x00000000eae5d518) thrown at [D:\re\workspace\8-2-build-windows-amd64-cygwin\jdk8u25\1677\hotspot\src\share\vm\prims\jvm.cpp, line 1312]
Event: 17.914 Thread 0x000000000221d800 Exception <a 'java/security/PrivilegedActionException'> (0x00000000eb794de0) thrown at [D:\re\workspace\8-2-build-windows-amd64-cygwin\jdk8u25\1677\hotspot\src\share\vm\prims\jvm.cpp, line 1312]

Events (10 events):
Event: 14.816 Thread 0x000000000221d800 Uncommon trap: trap_request=0xffffffad fr.pc=0x00000000027a124c
Event: 14.816 Thread 0x000000000221d800 DEOPT PACKING pc=0x00000000027a124c sp=0x000000000231e900
Event: 14.816 Thread 0x000000000221d800 DEOPT UNPACKING pc=0x000000000246556a sp=0x000000000231e658 mode 2
Event: 14.817 Thread 0x000000000221d800 Uncommon trap: trap_request=0xffffffad fr.pc=0x0000000002761b88
Event: 14.817 Thread 0x000000000221d800 DEOPT PACKING pc=0x0000000002761b88 sp=0x000000000231e780
Event: 14.817 Thread 0x000000000221d800 DEOPT UNPACKING pc=0x000000000246556a sp=0x000000000231e6d0 mode 2
Event: 17.914 loading class com/android/dx/cf/attrib/AttExceptions
Event: 17.914 loading class com/android/dx/cf/attrib/AttExceptions done
Event: 19.633 Executing VM operation: ParallelGCFailedAllocation
Event: 19.664 Executing VM operation: ParallelGCFailedAllocation done


Dynamic libraries:
0x00007ff7aea30000 - 0x00007ff7aea64000 	C:\Program Files\Java\jdk1.8.0_25\bin\java.exe
0x00007ff913f80000 - 0x00007ff914141000 	C:\WINDOWS\SYSTEM32\ntdll.dll
0x00007ff913a30000 - 0x00007ff913add000 	C:\WINDOWS\system32\KERNEL32.DLL
0x00007ff911410000 - 0x00007ff9115ed000 	C:\WINDOWS\system32\KERNELBASE.dll
0x00007ff913ed0000 - 0x00007ff913f76000 	C:\WINDOWS\system32\ADVAPI32.dll
0x00007ff913e30000 - 0x00007ff913ecd000 	C:\WINDOWS\system32\msvcrt.dll
0x00007ff911bc0000 - 0x00007ff911c1b000 	C:\WINDOWS\system32\sechost.dll
0x00007ff913d00000 - 0x00007ff913e26000 	C:\WINDOWS\system32\RPCRT4.dll
0x00007ff911ea0000 - 0x00007ff911fee000 	C:\WINDOWS\system32\USER32.dll
0x00007ff9117b0000 - 0x00007ff911936000 	C:\WINDOWS\system32\GDI32.dll
0x00007ff906770000 - 0x00007ff9069e4000 	C:\WINDOWS\WinSxS\amd64_microsoft.windows.common-controls_6595b64144ccf1df_6.0.10240.16384_none_f41f7b285750ef43\COMCTL32.dll
0x00007ff9137a0000 - 0x00007ff9137d6000 	C:\WINDOWS\system32\IMM32.DLL
0x00007ff911650000 - 0x00007ff9117ac000 	C:\WINDOWS\system32\MSCTF.dll
0x0000000050840000 - 0x0000000050912000 	C:\Program Files\Java\jdk1.8.0_25\jre\bin\msvcr100.dll
0x0000000050b70000 - 0x00000000513ca000 	C:\Program Files\Java\jdk1.8.0_25\jre\bin\server\jvm.dll
0x00007ff9138c0000 - 0x00007ff9138c8000 	C:\WINDOWS\system32\PSAPI.DLL
0x00007ff902b50000 - 0x00007ff902b59000 	C:\WINDOWS\SYSTEM32\WSOCK32.dll
0x00007ff90df90000 - 0x00007ff90dfb3000 	C:\WINDOWS\SYSTEM32\WINMM.dll
0x00007ff9139c0000 - 0x00007ff913a29000 	C:\WINDOWS\system32\WS2_32.dll
0x00007ff9138d0000 - 0x00007ff9138d8000 	C:\WINDOWS\system32\NSI.dll
0x00007ff90df60000 - 0x00007ff90df8c000 	C:\WINDOWS\SYSTEM32\WINMMBASE.dll
0x00007ff911310000 - 0x00007ff911354000 	C:\WINDOWS\system32\cfgmgr32.dll
0x00007ff90ed40000 - 0x00007ff90ed67000 	C:\WINDOWS\SYSTEM32\DEVOBJ.dll
0x0000000051f50000 - 0x0000000051f5f000 	C:\Program Files\Java\jdk1.8.0_25\jre\bin\verify.dll
0x0000000051f20000 - 0x0000000051f48000 	C:\Program Files\Java\jdk1.8.0_25\jre\bin\java.dll
0x0000000051f00000 - 0x0000000051f16000 	C:\Program Files\Java\jdk1.8.0_25\jre\bin\zip.dll
0x00007ff912270000 - 0x00007ff913792000 	C:\WINDOWS\system32\SHELL32.dll
0x00007ff910ce0000 - 0x00007ff911308000 	C:\WINDOWS\system32\windows.storage.dll
0x00007ff911ff0000 - 0x00007ff91226c000 	C:\WINDOWS\system32\combase.dll
0x00007ff913b50000 - 0x00007ff913ba1000 	C:\WINDOWS\system32\shlwapi.dll
0x00007ff9109b0000 - 0x00007ff9109bf000 	C:\WINDOWS\system32\kernel.appcore.dll
0x00007ff910c20000 - 0x00007ff910cd3000 	C:\WINDOWS\system32\shcore.dll
0x00007ff910a00000 - 0x00007ff910a4a000 	C:\WINDOWS\system32\powrprof.dll
0x00007ff9109c0000 - 0x00007ff9109d3000 	C:\WINDOWS\system32\profapi.dll
0x00007ff905fb0000 - 0x00007ff90613a000 	C:\WINDOWS\SYSTEM32\dbghelp.dll

VM Arguments:
jvm_args: -Xmx1024M -Dfile.encoding=windows-1252 -Duser.country=PT -Duser.language=pt -Duser.variant 
java_command: com.android.dx.command.Main --dex --num-threads=4 --output C:\Users\João\Desktop\Ideias de Fazer Coisas\Colors Eaters\Android\ColorEaters2\app\build\intermediates\pre-dexed\debug\internal_impl-22.2.1-7f479d4f0e6a1012feea6746927c9c77bf8fdb50.jar C:\Users\João\Desktop\Ideias de Fazer Coisas\Colors Eaters\Android\ColorEaters2\app\build\intermediates\exploded-aar\com.android.support\support-v4\22.2.1\jars\libs\internal_impl-22.2.1.jar
java_class_path (initial): C:\Users\João\AppData\Local\Android\sdk\build-tools\23.0.0-preview\lib\dx.jar
Launcher Type: SUN_STANDARD

Environment Variables:
PATH=C:\Program Files (x86)\NVIDIA Corporation\PhysX\Common;C:\ProgramData\Oracle\Java\javapath;C:\Program Files (x86)\Microsoft DirectX SDK (April 2007)\Utilities\Bin\x86;C:\Program Files (x86)\Intel\iCLS Client\;C:\Program Files\Intel\iCLS Client\;C:\WINDOWS\system32;C:\WINDOWS;C:\WINDOWS\System32\Wbem;C:\WINDOWS\System32\WindowsPowerShell\v1.0\;C:\Program Files (x86)\Windows Live\Shared;C:\Program Files (x86)\Intel\OpenCL SDK\2.0\bin\x86;C:\Program Files (x86)\Intel\OpenCL SDK\2.0\bin\x64;C:\Program Files\Intel\Intel(R) Management Engine Components\DAL;C:\Program Files\Intel\Intel(R) Management Engine Components\IPT;C:\Program Files (x86)\Intel\Intel(R) Management Engine Components\DAL;C:\Program Files (x86)\Intel\Intel(R) Management Engine Components\IPT;C:\Program Files\Microsoft SQL Server\110\Tools\Binn\;C:\Program Files (x86)\QuickTime\QTSystem\;C:\Program Files\Perforce;C:\Program Files (x86)\Skype\Phone\;C:\Program Files (x86)\MySQL\MySQL Fabric 1.5.4 & MySQL Utilities 1.5.4 1.5\;C:\Program Files (x86)\MySQL\MySQL Fabric 1.5.4 & MySQL Utilities 1.5.4 1.5\Doctrine extensions for PHP\;C:\Program Files (x86)\Windows Kits\10\Windows Performance Toolkit\;C:\Program Files (x86)\GtkSharp\2.12\bin;C:\Program Files\Java\jdk1.8.0_25\bin
USERNAME=João
OS=Windows_NT
PROCESSOR_IDENTIFIER=Intel64 Family 6 Model 58 Stepping 9, GenuineIntel



---------------  S Y S T E M  ---------------

OS: Windows 8.1 , 64 bit Build 9600 

CPU:total 4 (2 cores per cpu, 2 threads per core) family 6 model 58 stepping 9, cmov, cx8, fxsr, mmx, sse, sse2, sse3, ssse3, sse4.1, sse4.2, popcnt, avx, clmul, erms, ht, tsc, tscinvbit, tscinv

Memory: 4k page, physical 4077128k(328608k free), swap 5510872k(3344k free)

vm_info: Java HotSpot(TM) 64-Bit Server VM (25.25-b02) for windows-amd64 JRE (1.8.0_25-b18), built on Oct  7 2014 14:25:37 by "java_re" with MS VC++ 10.0 (VS2010)

time: Tue Dec 15 15:06:36 2015
elapsed time: 24 seconds (0d 0h 0m 24s)

